Analysis & Synthesis report for lab2
Thu Feb 15 16:31:21 2024
Quartus Prime Version 17.1.0 Build 590 10/25/2017 SJ Standard Edition


---------------------
; Table of Contents ;
---------------------
  1. Legal Notice
  2. Analysis & Synthesis Summary
  3. Analysis & Synthesis Settings
  4. Parallel Compilation
  5. Analysis & Synthesis Source Files Read
  6. Analysis & Synthesis Resource Usage Summary
  7. Analysis & Synthesis Resource Utilization by Entity
  8. User-Specified and Inferred Latches
  9. Registers Removed During Synthesis
 10. General Register Statistics
 11. Inverted Register Statistics
 12. Multiplexer Restructuring Statistics (Restructuring Performed)
 13. Parameter Settings for User Entity Instance: Top-level Entity: |lab2
 14. Parameter Settings for User Entity Instance: clockDivider:comb_36
 15. Parameter Settings for User Entity Instance: blinkHEX:comb_39
 16. Port Connectivity Checks: "random:comb_40"
 17. Port Connectivity Checks: "counter:comb_37"
 18. Post-Synthesis Netlist Statistics for Top Partition
 19. Elapsed Time Per Partition
 20. Analysis & Synthesis Messages
 21. Analysis & Synthesis Suppressed Messages



----------------
; Legal Notice ;
----------------
Copyright (C) 2017  Intel Corporation. All rights reserved.
Your use of Intel Corporation's design tools, logic functions 
and other software and tools, and its AMPP partner logic 
functions, and any output files from any of the foregoing 
(including device programming or simulation files), and any 
associated documentation or information are expressly subject 
to the terms and conditions of the Intel Program License 
Subscription Agreement, the Intel Quartus Prime License Agreement,
the Intel FPGA IP License Agreement, or other applicable license
agreement, including, without limitation, that your use is for
the sole purpose of programming logic devices manufactured by
Intel and sold by Intel or its authorized distributors.  Please
refer to the applicable agreement for further details.



+-----------------------------------------------------------------------------------+
; Analysis & Synthesis Summary                                                      ;
+---------------------------------+-------------------------------------------------+
; Analysis & Synthesis Status     ; Successful - Thu Feb 15 16:31:21 2024           ;
; Quartus Prime Version           ; 17.1.0 Build 590 10/25/2017 SJ Standard Edition ;
; Revision Name                   ; lab2                                            ;
; Top-level Entity Name           ; lab2                                            ;
; Family                          ; Cyclone V                                       ;
; Logic utilization (in ALMs)     ; N/A                                             ;
; Total registers                 ; 128                                             ;
; Total pins                      ; 57                                              ;
; Total virtual pins              ; 0                                               ;
; Total block memory bits         ; 0                                               ;
; Total DSP Blocks                ; 0                                               ;
; Total HSSI RX PCSs              ; 0                                               ;
; Total HSSI PMA RX Deserializers ; 0                                               ;
; Total HSSI TX PCSs              ; 0                                               ;
; Total HSSI PMA TX Serializers   ; 0                                               ;
; Total PLLs                      ; 0                                               ;
; Total DLLs                      ; 0                                               ;
+---------------------------------+-------------------------------------------------+


+---------------------------------------------------------------------------------------------------------------------------+
; Analysis & Synthesis Settings                                                                                             ;
+---------------------------------------------------------------------------------+--------------------+--------------------+
; Option                                                                          ; Setting            ; Default Value      ;
+---------------------------------------------------------------------------------+--------------------+--------------------+
; Device                                                                          ; 5CSEMA5F31C6       ;                    ;
; Top-level entity name                                                           ; lab2               ; lab2               ;
; Family name                                                                     ; Cyclone V          ; Cyclone V          ;
; Use smart compilation                                                           ; Off                ; Off                ;
; Enable parallel Assembler and TimeQuest Timing Analyzer during compilation      ; On                 ; On                 ;
; Enable compact report table                                                     ; Off                ; Off                ;
; Restructure Multiplexers                                                        ; Auto               ; Auto               ;
; MLAB Add Timing Constraints For Mixed-Port Feed-Through Mode Setting Don't Care ; Off                ; Off                ;
; Create Debugging Nodes for IP Cores                                             ; Off                ; Off                ;
; Preserve fewer node names                                                       ; On                 ; On                 ;
; Intel FPGA IP Evaluation Mode                                                   ; Enable             ; Enable             ;
; Verilog Version                                                                 ; Verilog_2001       ; Verilog_2001       ;
; VHDL Version                                                                    ; VHDL_1993          ; VHDL_1993          ;
; State Machine Processing                                                        ; Auto               ; Auto               ;
; Safe State Machine                                                              ; Off                ; Off                ;
; Extract Verilog State Machines                                                  ; On                 ; On                 ;
; Extract VHDL State Machines                                                     ; On                 ; On                 ;
; Ignore Verilog initial constructs                                               ; Off                ; Off                ;
; Iteration limit for constant Verilog loops                                      ; 5000               ; 5000               ;
; Iteration limit for non-constant Verilog loops                                  ; 250                ; 250                ;
; Add Pass-Through Logic to Inferred RAMs                                         ; On                 ; On                 ;
; Infer RAMs from Raw Logic                                                       ; On                 ; On                 ;
; Parallel Synthesis                                                              ; On                 ; On                 ;
; DSP Block Balancing                                                             ; Auto               ; Auto               ;
; NOT Gate Push-Back                                                              ; On                 ; On                 ;
; Power-Up Don't Care                                                             ; On                 ; On                 ;
; Remove Redundant Logic Cells                                                    ; Off                ; Off                ;
; Remove Duplicate Registers                                                      ; On                 ; On                 ;
; Ignore CARRY Buffers                                                            ; Off                ; Off                ;
; Ignore CASCADE Buffers                                                          ; Off                ; Off                ;
; Ignore GLOBAL Buffers                                                           ; Off                ; Off                ;
; Ignore ROW GLOBAL Buffers                                                       ; Off                ; Off                ;
; Ignore LCELL Buffers                                                            ; Off                ; Off                ;
; Ignore SOFT Buffers                                                             ; On                 ; On                 ;
; Limit AHDL Integers to 32 Bits                                                  ; Off                ; Off                ;
; Optimization Technique                                                          ; Balanced           ; Balanced           ;
; Carry Chain Length                                                              ; 70                 ; 70                 ;
; Auto Carry Chains                                                               ; On                 ; On                 ;
; Auto Open-Drain Pins                                                            ; On                 ; On                 ;
; Perform WYSIWYG Primitive Resynthesis                                           ; Off                ; Off                ;
; Auto ROM Replacement                                                            ; On                 ; On                 ;
; Auto RAM Replacement                                                            ; On                 ; On                 ;
; Auto DSP Block Replacement                                                      ; On                 ; On                 ;
; Auto Shift Register Replacement                                                 ; Auto               ; Auto               ;
; Allow Shift Register Merging across Hierarchies                                 ; Auto               ; Auto               ;
; Auto Clock Enable Replacement                                                   ; On                 ; On                 ;
; Strict RAM Replacement                                                          ; Off                ; Off                ;
; Allow Synchronous Control Signals                                               ; On                 ; On                 ;
; Force Use of Synchronous Clear Signals                                          ; Off                ; Off                ;
; Auto Resource Sharing                                                           ; Off                ; Off                ;
; Allow Any RAM Size For Recognition                                              ; Off                ; Off                ;
; Allow Any ROM Size For Recognition                                              ; Off                ; Off                ;
; Allow Any Shift Register Size For Recognition                                   ; Off                ; Off                ;
; Use LogicLock Constraints during Resource Balancing                             ; On                 ; On                 ;
; Ignore translate_off and synthesis_off directives                               ; Off                ; Off                ;
; Timing-Driven Synthesis                                                         ; On                 ; On                 ;
; Report Parameter Settings                                                       ; On                 ; On                 ;
; Report Source Assignments                                                       ; On                 ; On                 ;
; Report Connectivity Checks                                                      ; On                 ; On                 ;
; Ignore Maximum Fan-Out Assignments                                              ; Off                ; Off                ;
; Synchronization Register Chain Length                                           ; 3                  ; 3                  ;
; Power Optimization During Synthesis                                             ; Normal compilation ; Normal compilation ;
; HDL message level                                                               ; Level2             ; Level2             ;
; Suppress Register Optimization Related Messages                                 ; Off                ; Off                ;
; Number of Removed Registers Reported in Synthesis Report                        ; 5000               ; 5000               ;
; Number of Swept Nodes Reported in Synthesis Report                              ; 5000               ; 5000               ;
; Number of Inverted Registers Reported in Synthesis Report                       ; 100                ; 100                ;
; Clock MUX Protection                                                            ; On                 ; On                 ;
; Auto Gated Clock Conversion                                                     ; Off                ; Off                ;
; Block Design Naming                                                             ; Auto               ; Auto               ;
; SDC constraint protection                                                       ; Off                ; Off                ;
; Synthesis Effort                                                                ; Auto               ; Auto               ;
; Shift Register Replacement - Allow Asynchronous Clear Signal                    ; On                 ; On                 ;
; Pre-Mapping Resynthesis Optimization                                            ; Off                ; Off                ;
; Analysis & Synthesis Message Level                                              ; Medium             ; Medium             ;
; Disable Register Merging Across Hierarchies                                     ; Auto               ; Auto               ;
; Resource Aware Inference For Block RAM                                          ; On                 ; On                 ;
; Automatic Parallel Synthesis                                                    ; On                 ; On                 ;
; Partial Reconfiguration Bitstream ID                                            ; Off                ; Off                ;
+---------------------------------------------------------------------------------+--------------------+--------------------+


+------------------------------------------+
; Parallel Compilation                     ;
+----------------------------+-------------+
; Processors                 ; Number      ;
+----------------------------+-------------+
; Number detected on machine ; 20          ;
; Maximum allowed            ; 14          ;
;                            ;             ;
; Average used               ; 1.00        ;
; Maximum used               ; 14          ;
;                            ;             ;
; Usage by Processor         ; % Time Used ;
;     Processor 1            ; 100.0%      ;
;     Processor 2            ;   0.0%      ;
;     Processor 3            ;   0.0%      ;
;     Processor 4            ;   0.0%      ;
;     Processor 5            ;   0.0%      ;
;     Processors 6-14        ;   0.0%      ;
+----------------------------+-------------+


+-----------------------------------------------------------------------------------------------------------------------------------------------------------------------------------+
; Analysis & Synthesis Source Files Read                                                                                                                                            ;
+----------------------------------+-----------------+------------------------+-------------------------------------------------------------------------------------------+---------+
; File Name with User-Entered Path ; Used in Netlist ; File Type              ; File Name with Absolute Path                                                              ; Library ;
+----------------------------------+-----------------+------------------------+-------------------------------------------------------------------------------------------+---------+
; random.v                         ; yes             ; User Verilog HDL File  ; C:/Users/bowen/OneDrive/Documents/School/Winter 2024/3TB4/Lab/lab2/lab2/random.v          ;         ;
; sevenSegDisplay.v                ; yes             ; User Verilog HDL File  ; C:/Users/bowen/OneDrive/Documents/School/Winter 2024/3TB4/Lab/lab2/lab2/sevenSegDisplay.v ;         ;
; counter.v                        ; yes             ; User Verilog HDL File  ; C:/Users/bowen/OneDrive/Documents/School/Winter 2024/3TB4/Lab/lab2/lab2/counter.v         ;         ;
; hexToBCD.v                       ; yes             ; User Verilog HDL File  ; C:/Users/bowen/OneDrive/Documents/School/Winter 2024/3TB4/Lab/lab2/lab2/hexToBCD.v        ;         ;
; clockDivider.v                   ; yes             ; User Verilog HDL File  ; C:/Users/bowen/OneDrive/Documents/School/Winter 2024/3TB4/Lab/lab2/lab2/clockDivider.v    ;         ;
; mux4to1.v                        ; yes             ; User Verilog HDL File  ; C:/Users/bowen/OneDrive/Documents/School/Winter 2024/3TB4/Lab/lab2/lab2/mux4to1.v         ;         ;
; blinkHEX.v                       ; yes             ; User Verilog HDL File  ; C:/Users/bowen/OneDrive/Documents/School/Winter 2024/3TB4/Lab/lab2/lab2/blinkHEX.v        ;         ;
; lab2.v                           ; yes             ; User Verilog HDL File  ; C:/Users/bowen/OneDrive/Documents/School/Winter 2024/3TB4/Lab/lab2/lab2/lab2.v            ;         ;
+----------------------------------+-----------------+------------------------+-------------------------------------------------------------------------------------------+---------+


+------------------------------------------------------------+
; Analysis & Synthesis Resource Usage Summary                ;
+---------------------------------------------+--------------+
; Resource                                    ; Usage        ;
+---------------------------------------------+--------------+
; Estimate of Logic utilization (ALMs needed) ; 415          ;
;                                             ;              ;
; Combinational ALUT usage for logic          ; 657          ;
;     -- 7 input functions                    ; 9            ;
;     -- 6 input functions                    ; 162          ;
;     -- 5 input functions                    ; 128          ;
;     -- 4 input functions                    ; 114          ;
;     -- <=3 input functions                  ; 244          ;
;                                             ;              ;
; Dedicated logic registers                   ; 128          ;
;                                             ;              ;
; I/O pins                                    ; 57           ;
;                                             ;              ;
; Total DSP Blocks                            ; 0            ;
;                                             ;              ;
; Maximum fan-out node                        ; KEY[1]~input ;
; Maximum fan-out                             ; 78           ;
; Total fan-out                               ; 3237         ;
; Average fan-out                             ; 3.60         ;
+---------------------------------------------+--------------+


+----------------------------------------------------------------------------------------------------------------------------------------------------------------------------------------------------------+
; Analysis & Synthesis Resource Utilization by Entity                                                                                                                                                      ;
+-------------------------------+---------------------+---------------------------+-------------------+------------+------+--------------+--------------------------------+-----------------+--------------+
; Compilation Hierarchy Node    ; Combinational ALUTs ; Dedicated Logic Registers ; Block Memory Bits ; DSP Blocks ; Pins ; Virtual Pins ; Full Hierarchy Name            ; Entity Name     ; Library Name ;
+-------------------------------+---------------------+---------------------------+-------------------+------------+------+--------------+--------------------------------+-----------------+--------------+
; |lab2                         ; 657 (116)           ; 128 (16)                  ; 0                 ; 0          ; 57   ; 0            ; |lab2                          ; lab2            ; work         ;
;    |blinkHEX:comb_39|         ; 17 (17)             ; 13 (13)                   ; 0                 ; 0          ; 0    ; 0            ; |lab2|blinkHEX:comb_39         ; blinkHEX        ; work         ;
;    |clockDivider:comb_36|     ; 44 (44)             ; 33 (33)                   ; 0                 ; 0          ; 0    ; 0            ; |lab2|clockDivider:comb_36     ; clockDivider    ; work         ;
;    |counter:comb_37|          ; 20 (20)             ; 20 (20)                   ; 0                 ; 0          ; 0    ; 0            ; |lab2|counter:comb_37          ; counter         ; work         ;
;    |counter:comb_38|          ; 20 (20)             ; 20 (20)                   ; 0                 ; 0          ; 0    ; 0            ; |lab2|counter:comb_38          ; counter         ; work         ;
;    |hexToBCD:Convert1|        ; 151 (151)           ; 0 (0)                     ; 0                 ; 0          ; 0    ; 0            ; |lab2|hexToBCD:Convert1        ; hexToBCD        ; work         ;
;    |hexToBCD:Convert2|        ; 179 (179)           ; 0 (0)                     ; 0                 ; 0          ; 0    ; 0            ; |lab2|hexToBCD:Convert2        ; hexToBCD        ; work         ;
;    |mux4to1:comb_41|          ; 8 (8)               ; 0 (0)                     ; 0                 ; 0          ; 0    ; 0            ; |lab2|mux4to1:comb_41          ; mux4to1         ; work         ;
;    |mux4to1:comb_42|          ; 8 (8)               ; 0 (0)                     ; 0                 ; 0          ; 0    ; 0            ; |lab2|mux4to1:comb_42          ; mux4to1         ; work         ;
;    |mux4to1:comb_43|          ; 8 (8)               ; 0 (0)                     ; 0                 ; 0          ; 0    ; 0            ; |lab2|mux4to1:comb_43          ; mux4to1         ; work         ;
;    |mux4to1:comb_44|          ; 7 (7)               ; 0 (0)                     ; 0                 ; 0          ; 0    ; 0            ; |lab2|mux4to1:comb_44          ; mux4to1         ; work         ;
;    |mux4to1:comb_45|          ; 8 (8)               ; 0 (0)                     ; 0                 ; 0          ; 0    ; 0            ; |lab2|mux4to1:comb_45          ; mux4to1         ; work         ;
;    |mux4to1:comb_46|          ; 6 (6)               ; 0 (0)                     ; 0                 ; 0          ; 0    ; 0            ; |lab2|mux4to1:comb_46          ; mux4to1         ; work         ;
;    |random:comb_40|           ; 23 (23)             ; 26 (26)                   ; 0                 ; 0          ; 0    ; 0            ; |lab2|random:comb_40           ; random          ; work         ;
;    |sevenSegDisplay:decoder0| ; 7 (7)               ; 0 (0)                     ; 0                 ; 0          ; 0    ; 0            ; |lab2|sevenSegDisplay:decoder0 ; sevenSegDisplay ; work         ;
;    |sevenSegDisplay:decoder1| ; 7 (7)               ; 0 (0)                     ; 0                 ; 0          ; 0    ; 0            ; |lab2|sevenSegDisplay:decoder1 ; sevenSegDisplay ; work         ;
;    |sevenSegDisplay:decoder2| ; 7 (7)               ; 0 (0)                     ; 0                 ; 0          ; 0    ; 0            ; |lab2|sevenSegDisplay:decoder2 ; sevenSegDisplay ; work         ;
;    |sevenSegDisplay:decoder3| ; 7 (7)               ; 0 (0)                     ; 0                 ; 0          ; 0    ; 0            ; |lab2|sevenSegDisplay:decoder3 ; sevenSegDisplay ; work         ;
;    |sevenSegDisplay:decoder4| ; 7 (7)               ; 0 (0)                     ; 0                 ; 0          ; 0    ; 0            ; |lab2|sevenSegDisplay:decoder4 ; sevenSegDisplay ; work         ;
;    |sevenSegDisplay:decoder5| ; 7 (7)               ; 0 (0)                     ; 0                 ; 0          ; 0    ; 0            ; |lab2|sevenSegDisplay:decoder5 ; sevenSegDisplay ; work         ;
+-------------------------------+---------------------+---------------------------+-------------------+------------+------+--------------+--------------------------------+-----------------+--------------+
Note: For table entries with two numbers listed, the numbers in parentheses indicate the number of resources of the given type used by the specific entity alone. The numbers listed outside of parentheses indicate the total resources of the given type used by the specific entity and all of its sub-entities in the hierarchy.


+----------------------------------------------------------------------------------------------------+
; User-Specified and Inferred Latches                                                                ;
+-----------------------------------------------------+---------------------+------------------------+
; Latch Name                                          ; Latch Enable Signal ; Free of Timing Hazards ;
+-----------------------------------------------------+---------------------+------------------------+
; allHex[0]                                           ; WideOr4             ; yes                    ;
; winner_time[0]                                      ; Selector33          ; yes                    ;
; cheater2                                            ; state.OFF           ; yes                    ;
; cheater1                                            ; state.OFF           ; yes                    ;
; allHex[1]                                           ; WideOr4             ; yes                    ;
; winner_time[1]                                      ; Selector33          ; yes                    ;
; winner_time[2]                                      ; Selector33          ; yes                    ;
; winner_time[3]                                      ; Selector33          ; yes                    ;
; winner_time[4]                                      ; Selector33          ; yes                    ;
; winner_time[5]                                      ; Selector33          ; yes                    ;
; winner_time[6]                                      ; Selector33          ; yes                    ;
; winner_time[7]                                      ; Selector33          ; yes                    ;
; winner_time[8]                                      ; Selector33          ; yes                    ;
; winner_time[9]                                      ; Selector33          ; yes                    ;
; winner_time[10]                                     ; Selector33          ; yes                    ;
; winner_time[11]                                     ; Selector33          ; yes                    ;
; winner_time[12]                                     ; Selector33          ; yes                    ;
; winner_time[13]                                     ; Selector33          ; yes                    ;
; winner_time[14]                                     ; Selector33          ; yes                    ;
; winner_time[15]                                     ; Selector33          ; yes                    ;
; winner_time[16]                                     ; Selector33          ; yes                    ;
; winner_time[17]                                     ; Selector33          ; yes                    ;
; winner_time[19]                                     ; Selector33          ; yes                    ;
; winner_time[18]                                     ; Selector33          ; yes                    ;
; allHex[2]                                           ; WideOr4             ; yes                    ;
; allHex[3]                                           ; WideOr4             ; yes                    ;
; display_counter_start                               ; Selector34          ; yes                    ;
; Number of user-specified and inferred latches = 27  ;                     ;                        ;
+-----------------------------------------------------+---------------------+------------------------+
Note: All latches listed above may not be present at the end of synthesis due to various synthesis optimizations.


+------------------------------------------------------------------------------------+
; Registers Removed During Synthesis                                                 ;
+----------------------------------------+-------------------------------------------+
; Register name                          ; Reason for Removal                        ;
+----------------------------------------+-------------------------------------------+
; blinkHEX:comb_39|d0[0..3]              ; Merged with blinkHEX:comb_39|d5[0]        ;
; blinkHEX:comb_39|d1[0..3]              ; Merged with blinkHEX:comb_39|d5[0]        ;
; blinkHEX:comb_39|d2[0..3]              ; Merged with blinkHEX:comb_39|d5[0]        ;
; blinkHEX:comb_39|d3[0..3]              ; Merged with blinkHEX:comb_39|d5[0]        ;
; blinkHEX:comb_39|d4[0..3]              ; Merged with blinkHEX:comb_39|d5[0]        ;
; blinkHEX:comb_39|d5[1..3]              ; Merged with blinkHEX:comb_39|d5[0]        ;
; random:comb_40|random[13]              ; Merged with random:comb_40|random[12]     ;
; random:comb_40|reg_values[13]          ; Merged with random:comb_40|reg_values[12] ;
; Total Number of Removed Registers = 25 ;                                           ;
+----------------------------------------+-------------------------------------------+


+------------------------------------------------------+
; General Register Statistics                          ;
+----------------------------------------------+-------+
; Statistic                                    ; Value ;
+----------------------------------------------+-------+
; Total registers                              ; 128   ;
; Number of registers using Synchronous Clear  ; 44    ;
; Number of registers using Synchronous Load   ; 1     ;
; Number of registers using Asynchronous Clear ; 83    ;
; Number of registers using Asynchronous Load  ; 0     ;
; Number of registers using Clock Enable       ; 91    ;
; Number of registers using Preset             ; 0     ;
+----------------------------------------------+-------+


+---------------------------------------------------+
; Inverted Register Statistics                      ;
+-----------------------------------------+---------+
; Inverted Register                       ; Fan out ;
+-----------------------------------------+---------+
; random:comb_40|reg_values[3]            ; 2       ;
; random:comb_40|reg_values[12]           ; 3       ;
; random:comb_40|reg_values[4]            ; 4       ;
; random:comb_40|reg_values[9]            ; 3       ;
; random:comb_40|reg_values[8]            ; 3       ;
; random:comb_40|reg_values[7]            ; 3       ;
; random:comb_40|reg_values[5]            ; 2       ;
; random:comb_40|reg_values[10]           ; 3       ;
; random:comb_40|reg_values[1]            ; 1       ;
; random:comb_40|reg_values[0]            ; 5       ;
; Total number of inverted registers = 10 ;         ;
+-----------------------------------------+---------+


+------------------------------------------------------------------------------------------------------------------------------------------+
; Multiplexer Restructuring Statistics (Restructuring Performed)                                                                           ;
+--------------------+-----------+---------------+----------------------+------------------------+------------+----------------------------+
; Multiplexer Inputs ; Bus Width ; Baseline Area ; Area if Restructured ; Saving if Restructured ; Registered ; Example Multiplexer Output ;
+--------------------+-----------+---------------+----------------------+------------------------+------------+----------------------------+
; 9:1                ; 2 bits    ; 12 LEs        ; 8 LEs                ; 4 LEs                  ; Yes        ; |lab2|state.TIMER_DISPLAY  ;
; 10:1               ; 2 bits    ; 12 LEs        ; 6 LEs                ; 6 LEs                  ; Yes        ; |lab2|state.OFF            ;
; 9:1                ; 2 bits    ; 12 LEs        ; 4 LEs                ; 8 LEs                  ; Yes        ; |lab2|state.RESET          ;
; 6:1                ; 3 bits    ; 12 LEs        ; 9 LEs                ; 3 LEs                  ; No         ; |lab2|mux4to1:comb_41|Mux0 ;
; 6:1                ; 3 bits    ; 12 LEs        ; 9 LEs                ; 3 LEs                  ; No         ; |lab2|mux4to1:comb_42|Mux1 ;
; 6:1                ; 3 bits    ; 12 LEs        ; 9 LEs                ; 3 LEs                  ; No         ; |lab2|mux4to1:comb_43|Mux1 ;
; 6:1                ; 3 bits    ; 12 LEs        ; 9 LEs                ; 3 LEs                  ; No         ; |lab2|mux4to1:comb_44|Mux0 ;
; 6:1                ; 3 bits    ; 12 LEs        ; 9 LEs                ; 3 LEs                  ; No         ; |lab2|mux4to1:comb_45|Mux0 ;
; 6:1                ; 2 bits    ; 8 LEs         ; 6 LEs                ; 2 LEs                  ; No         ; |lab2|mux4to1:comb_46|Mux0 ;
+--------------------+-----------+---------------+----------------------+------------------------+------------+----------------------------+


+----------------------------------------------------------------------+
; Parameter Settings for User Entity Instance: Top-level Entity: |lab2 ;
+---------------------+-------+----------------------------------------+
; Parameter Name      ; Value ; Type                                   ;
+---------------------+-------+----------------------------------------+
; RESET               ; 000   ; Unsigned Binary                        ;
; RESUME              ; 001   ; Unsigned Binary                        ;
; BLINKING            ; 010   ; Unsigned Binary                        ;
; OFF                 ; 011   ; Unsigned Binary                        ;
; TIMER_DISPLAY       ; 100   ; Unsigned Binary                        ;
; WINNER_TIME_DISPLAY ; 101   ; Unsigned Binary                        ;
; WIN1                ; 110   ; Unsigned Binary                        ;
; WIN2                ; 111   ; Unsigned Binary                        ;
+---------------------+-------+----------------------------------------+
Note: In order to hide this table in the UI and the text report file, please set the "Show Parameter Settings in Synthesis Report" option in "Analysis and Synthesis Settings -> More Settings" to "Off".


+-------------------------------------------------------------------+
; Parameter Settings for User Entity Instance: clockDivider:comb_36 ;
+----------------+-------+------------------------------------------+
; Parameter Name ; Value ; Type                                     ;
+----------------+-------+------------------------------------------+
; factor         ; 50000 ; Signed Integer                           ;
+----------------+-------+------------------------------------------+
Note: In order to hide this table in the UI and the text report file, please set the "Show Parameter Settings in Synthesis Report" option in "Analysis and Synthesis Settings -> More Settings" to "Off".


+---------------------------------------------------------------+
; Parameter Settings for User Entity Instance: blinkHEX:comb_39 ;
+----------------+-------+--------------------------------------+
; Parameter Name ; Value ; Type                                 ;
+----------------+-------+--------------------------------------+
; factor         ; 200   ; Signed Integer                       ;
+----------------+-------+--------------------------------------+
Note: In order to hide this table in the UI and the text report file, please set the "Show Parameter Settings in Synthesis Report" option in "Analysis and Synthesis Settings -> More Settings" to "Off".


+---------------------------------------------------------------------------------------------------------------------+
; Port Connectivity Checks: "random:comb_40"                                                                          ;
+-----------+--------+----------+-------------------------------------------------------------------------------------+
; Port      ; Type   ; Severity ; Details                                                                             ;
+-----------+--------+----------+-------------------------------------------------------------------------------------+
; rnd_ready ; Output ; Info     ; Connected to dangling logic. Logic that only feeds a dangling port will be removed. ;
+-----------+--------+----------+-------------------------------------------------------------------------------------+


+--------------------------------------------------------------------------------------------------------------------------------------------------------------------------------------------------------------------+
; Port Connectivity Checks: "counter:comb_37"                                                                                                                                                                        ;
+------------+-------+----------+------------------------------------------------------------------------------------------------------------------------------------------------------------------------------------+
; Port       ; Type  ; Severity ; Details                                                                                                                                                                            ;
+------------+-------+----------+------------------------------------------------------------------------------------------------------------------------------------------------------------------------------------+
; enable     ; Input ; Warning  ; Input port expression (32 bits) is wider than the input port (1 bits) it drives.  The 31 most-significant bit(s) in the expression will be dangling if they have no other fanouts. ;
; enable[-1] ; Input ; Info     ; Stuck at VCC                                                                                                                                                                       ;
+------------+-------+----------+------------------------------------------------------------------------------------------------------------------------------------------------------------------------------------+


+-----------------------------------------------------+
; Post-Synthesis Netlist Statistics for Top Partition ;
+-----------------------+-----------------------------+
; Type                  ; Count                       ;
+-----------------------+-----------------------------+
; arriav_ff             ; 128                         ;
;     CLR               ; 25                          ;
;     CLR SCLR          ; 12                          ;
;     ENA               ; 13                          ;
;     ENA CLR           ; 45                          ;
;     ENA CLR SLD       ; 1                           ;
;     ENA SCLR          ; 32                          ;
; arriav_lcell_comb     ; 663                         ;
;     arith             ; 94                          ;
;         0 data inputs ; 1                           ;
;         1 data inputs ; 91                          ;
;         2 data inputs ; 2                           ;
;     extend            ; 9                           ;
;         7 data inputs ; 9                           ;
;     normal            ; 560                         ;
;         1 data inputs ; 23                          ;
;         2 data inputs ; 76                          ;
;         3 data inputs ; 57                          ;
;         4 data inputs ; 114                         ;
;         5 data inputs ; 128                         ;
;         6 data inputs ; 162                         ;
; boundary_port         ; 57                          ;
;                       ;                             ;
; Max LUT depth         ; 14.00                       ;
; Average LUT depth     ; 8.57                        ;
+-----------------------+-----------------------------+


+-------------------------------+
; Elapsed Time Per Partition    ;
+----------------+--------------+
; Partition Name ; Elapsed Time ;
+----------------+--------------+
; Top            ; 00:00:07     ;
+----------------+--------------+


+-------------------------------+
; Analysis & Synthesis Messages ;
+-------------------------------+
Info: *******************************************************************
Info: Running Quartus Prime Analysis & Synthesis
    Info: Version 17.1.0 Build 590 10/25/2017 SJ Standard Edition
    Info: Processing started: Thu Feb 15 16:31:04 2024
Info: Command: quartus_map --read_settings_files=on --write_settings_files=off lab2 -c lab2
Warning (18236): Number of processors has not been specified which may cause overloading on shared machines.  Set the global assignment NUM_PARALLEL_PROCESSORS in your QSF to an appropriate value for best performance.
Info (20030): Parallel compilation is enabled and will use 14 of the 14 processors detected
Info (12021): Found 1 design units, including 1 entities, in source file random.v
    Info (12023): Found entity 1: random File: C:/Users/bowen/OneDrive/Documents/School/Winter 2024/3TB4/Lab/lab2/lab2/random.v Line: 1
Info (12021): Found 1 design units, including 1 entities, in source file sevensegdisplay.v
    Info (12023): Found entity 1: sevenSegDisplay File: C:/Users/bowen/OneDrive/Documents/School/Winter 2024/3TB4/Lab/lab2/lab2/sevenSegDisplay.v Line: 1
Info (12021): Found 1 design units, including 1 entities, in source file counter.v
    Info (12023): Found entity 1: counter File: C:/Users/bowen/OneDrive/Documents/School/Winter 2024/3TB4/Lab/lab2/lab2/counter.v Line: 1
Info (12021): Found 1 design units, including 1 entities, in source file hextobcd.v
    Info (12023): Found entity 1: hexToBCD File: C:/Users/bowen/OneDrive/Documents/School/Winter 2024/3TB4/Lab/lab2/lab2/hexToBCD.v Line: 1
Info (12021): Found 1 design units, including 1 entities, in source file clockdivider.v
    Info (12023): Found entity 1: clockDivider File: C:/Users/bowen/OneDrive/Documents/School/Winter 2024/3TB4/Lab/lab2/lab2/clockDivider.v Line: 1
Info (12021): Found 1 design units, including 1 entities, in source file mux4to1.v
    Info (12023): Found entity 1: mux4to1 File: C:/Users/bowen/OneDrive/Documents/School/Winter 2024/3TB4/Lab/lab2/lab2/mux4to1.v Line: 2
Info (12021): Found 1 design units, including 1 entities, in source file blinkhex.v
    Info (12023): Found entity 1: blinkHEX File: C:/Users/bowen/OneDrive/Documents/School/Winter 2024/3TB4/Lab/lab2/lab2/blinkHEX.v Line: 1
Info (12021): Found 1 design units, including 1 entities, in source file lab2.v
    Info (12023): Found entity 1: lab2 File: C:/Users/bowen/OneDrive/Documents/School/Winter 2024/3TB4/Lab/lab2/lab2/lab2.v Line: 28
Critical Warning (10846): Verilog HDL Instantiation warning at lab2.v(87): instance has no name File: C:/Users/bowen/OneDrive/Documents/School/Winter 2024/3TB4/Lab/lab2/lab2/lab2.v Line: 87
Critical Warning (10846): Verilog HDL Instantiation warning at lab2.v(89): instance has no name File: C:/Users/bowen/OneDrive/Documents/School/Winter 2024/3TB4/Lab/lab2/lab2/lab2.v Line: 89
Critical Warning (10846): Verilog HDL Instantiation warning at lab2.v(91): instance has no name File: C:/Users/bowen/OneDrive/Documents/School/Winter 2024/3TB4/Lab/lab2/lab2/lab2.v Line: 91
Critical Warning (10846): Verilog HDL Instantiation warning at lab2.v(96): instance has no name File: C:/Users/bowen/OneDrive/Documents/School/Winter 2024/3TB4/Lab/lab2/lab2/lab2.v Line: 96
Critical Warning (10846): Verilog HDL Instantiation warning at lab2.v(108): instance has no name File: C:/Users/bowen/OneDrive/Documents/School/Winter 2024/3TB4/Lab/lab2/lab2/lab2.v Line: 108
Critical Warning (10846): Verilog HDL Instantiation warning at lab2.v(120): instance has no name File: C:/Users/bowen/OneDrive/Documents/School/Winter 2024/3TB4/Lab/lab2/lab2/lab2.v Line: 120
Critical Warning (10846): Verilog HDL Instantiation warning at lab2.v(121): instance has no name File: C:/Users/bowen/OneDrive/Documents/School/Winter 2024/3TB4/Lab/lab2/lab2/lab2.v Line: 121
Critical Warning (10846): Verilog HDL Instantiation warning at lab2.v(122): instance has no name File: C:/Users/bowen/OneDrive/Documents/School/Winter 2024/3TB4/Lab/lab2/lab2/lab2.v Line: 122
Critical Warning (10846): Verilog HDL Instantiation warning at lab2.v(123): instance has no name File: C:/Users/bowen/OneDrive/Documents/School/Winter 2024/3TB4/Lab/lab2/lab2/lab2.v Line: 123
Critical Warning (10846): Verilog HDL Instantiation warning at lab2.v(124): instance has no name File: C:/Users/bowen/OneDrive/Documents/School/Winter 2024/3TB4/Lab/lab2/lab2/lab2.v Line: 124
Critical Warning (10846): Verilog HDL Instantiation warning at lab2.v(125): instance has no name File: C:/Users/bowen/OneDrive/Documents/School/Winter 2024/3TB4/Lab/lab2/lab2/lab2.v Line: 125
Info (12127): Elaborating entity "lab2" for the top level hierarchy
Warning (10036): Verilog HDL or VHDL warning at lab2.v(52): object "w_hex_sel" assigned a value but never read File: C:/Users/bowen/OneDrive/Documents/School/Winter 2024/3TB4/Lab/lab2/lab2/lab2.v Line: 52
Warning (10240): Verilog HDL Always Construct warning at lab2.v(178): inferring latch(es) for variable "display_counter_start", which holds its previous value in one or more paths through the always construct File: C:/Users/bowen/OneDrive/Documents/School/Winter 2024/3TB4/Lab/lab2/lab2/lab2.v Line: 178
Warning (10240): Verilog HDL Always Construct warning at lab2.v(178): inferring latch(es) for variable "winner_time", which holds its previous value in one or more paths through the always construct File: C:/Users/bowen/OneDrive/Documents/School/Winter 2024/3TB4/Lab/lab2/lab2/lab2.v Line: 178
Warning (10240): Verilog HDL Always Construct warning at lab2.v(178): inferring latch(es) for variable "allHex", which holds its previous value in one or more paths through the always construct File: C:/Users/bowen/OneDrive/Documents/School/Winter 2024/3TB4/Lab/lab2/lab2/lab2.v Line: 178
Warning (10240): Verilog HDL Always Construct warning at lab2.v(178): inferring latch(es) for variable "cheater1", which holds its previous value in one or more paths through the always construct File: C:/Users/bowen/OneDrive/Documents/School/Winter 2024/3TB4/Lab/lab2/lab2/lab2.v Line: 178
Warning (10240): Verilog HDL Always Construct warning at lab2.v(178): inferring latch(es) for variable "cheater2", which holds its previous value in one or more paths through the always construct File: C:/Users/bowen/OneDrive/Documents/School/Winter 2024/3TB4/Lab/lab2/lab2/lab2.v Line: 178
Info (10041): Inferred latch for "cheater2" at lab2.v(178) File: C:/Users/bowen/OneDrive/Documents/School/Winter 2024/3TB4/Lab/lab2/lab2/lab2.v Line: 178
Info (10041): Inferred latch for "cheater1" at lab2.v(178) File: C:/Users/bowen/OneDrive/Documents/School/Winter 2024/3TB4/Lab/lab2/lab2/lab2.v Line: 178
Info (10041): Inferred latch for "allHex[0]" at lab2.v(178) File: C:/Users/bowen/OneDrive/Documents/School/Winter 2024/3TB4/Lab/lab2/lab2/lab2.v Line: 178
Info (10041): Inferred latch for "allHex[1]" at lab2.v(178) File: C:/Users/bowen/OneDrive/Documents/School/Winter 2024/3TB4/Lab/lab2/lab2/lab2.v Line: 178
Info (10041): Inferred latch for "allHex[2]" at lab2.v(178) File: C:/Users/bowen/OneDrive/Documents/School/Winter 2024/3TB4/Lab/lab2/lab2/lab2.v Line: 178
Info (10041): Inferred latch for "allHex[3]" at lab2.v(178) File: C:/Users/bowen/OneDrive/Documents/School/Winter 2024/3TB4/Lab/lab2/lab2/lab2.v Line: 178
Info (10041): Inferred latch for "winner_time[0]" at lab2.v(178) File: C:/Users/bowen/OneDrive/Documents/School/Winter 2024/3TB4/Lab/lab2/lab2/lab2.v Line: 178
Info (10041): Inferred latch for "winner_time[1]" at lab2.v(178) File: C:/Users/bowen/OneDrive/Documents/School/Winter 2024/3TB4/Lab/lab2/lab2/lab2.v Line: 178
Info (10041): Inferred latch for "winner_time[2]" at lab2.v(178) File: C:/Users/bowen/OneDrive/Documents/School/Winter 2024/3TB4/Lab/lab2/lab2/lab2.v Line: 178
Info (10041): Inferred latch for "winner_time[3]" at lab2.v(178) File: C:/Users/bowen/OneDrive/Documents/School/Winter 2024/3TB4/Lab/lab2/lab2/lab2.v Line: 178
Info (10041): Inferred latch for "winner_time[4]" at lab2.v(178) File: C:/Users/bowen/OneDrive/Documents/School/Winter 2024/3TB4/Lab/lab2/lab2/lab2.v Line: 178
Info (10041): Inferred latch for "winner_time[5]" at lab2.v(178) File: C:/Users/bowen/OneDrive/Documents/School/Winter 2024/3TB4/Lab/lab2/lab2/lab2.v Line: 178
Info (10041): Inferred latch for "winner_time[6]" at lab2.v(178) File: C:/Users/bowen/OneDrive/Documents/School/Winter 2024/3TB4/Lab/lab2/lab2/lab2.v Line: 178
Info (10041): Inferred latch for "winner_time[7]" at lab2.v(178) File: C:/Users/bowen/OneDrive/Documents/School/Winter 2024/3TB4/Lab/lab2/lab2/lab2.v Line: 178
Info (10041): Inferred latch for "winner_time[8]" at lab2.v(178) File: C:/Users/bowen/OneDrive/Documents/School/Winter 2024/3TB4/Lab/lab2/lab2/lab2.v Line: 178
Info (10041): Inferred latch for "winner_time[9]" at lab2.v(178) File: C:/Users/bowen/OneDrive/Documents/School/Winter 2024/3TB4/Lab/lab2/lab2/lab2.v Line: 178
Info (10041): Inferred latch for "winner_time[10]" at lab2.v(178) File: C:/Users/bowen/OneDrive/Documents/School/Winter 2024/3TB4/Lab/lab2/lab2/lab2.v Line: 178
Info (10041): Inferred latch for "winner_time[11]" at lab2.v(178) File: C:/Users/bowen/OneDrive/Documents/School/Winter 2024/3TB4/Lab/lab2/lab2/lab2.v Line: 178
Info (10041): Inferred latch for "winner_time[12]" at lab2.v(178) File: C:/Users/bowen/OneDrive/Documents/School/Winter 2024/3TB4/Lab/lab2/lab2/lab2.v Line: 178
Info (10041): Inferred latch for "winner_time[13]" at lab2.v(178) File: C:/Users/bowen/OneDrive/Documents/School/Winter 2024/3TB4/Lab/lab2/lab2/lab2.v Line: 178
Info (10041): Inferred latch for "winner_time[14]" at lab2.v(178) File: C:/Users/bowen/OneDrive/Documents/School/Winter 2024/3TB4/Lab/lab2/lab2/lab2.v Line: 178
Info (10041): Inferred latch for "winner_time[15]" at lab2.v(178) File: C:/Users/bowen/OneDrive/Documents/School/Winter 2024/3TB4/Lab/lab2/lab2/lab2.v Line: 178
Info (10041): Inferred latch for "winner_time[16]" at lab2.v(178) File: C:/Users/bowen/OneDrive/Documents/School/Winter 2024/3TB4/Lab/lab2/lab2/lab2.v Line: 178
Info (10041): Inferred latch for "winner_time[17]" at lab2.v(178) File: C:/Users/bowen/OneDrive/Documents/School/Winter 2024/3TB4/Lab/lab2/lab2/lab2.v Line: 178
Info (10041): Inferred latch for "winner_time[18]" at lab2.v(178) File: C:/Users/bowen/OneDrive/Documents/School/Winter 2024/3TB4/Lab/lab2/lab2/lab2.v Line: 178
Info (10041): Inferred latch for "winner_time[19]" at lab2.v(178) File: C:/Users/bowen/OneDrive/Documents/School/Winter 2024/3TB4/Lab/lab2/lab2/lab2.v Line: 178
Info (10041): Inferred latch for "display_counter_start" at lab2.v(178) File: C:/Users/bowen/OneDrive/Documents/School/Winter 2024/3TB4/Lab/lab2/lab2/lab2.v Line: 178
Info (10018): Can't recognize finite state machine "state" because it has a complex reset state
Info (12128): Elaborating entity "clockDivider" for hierarchy "clockDivider:comb_36" File: C:/Users/bowen/OneDrive/Documents/School/Winter 2024/3TB4/Lab/lab2/lab2/lab2.v Line: 87
Warning (10230): Verilog HDL assignment warning at clockDivider.v(8): truncated value with size 32 to match size of target (1) File: C:/Users/bowen/OneDrive/Documents/School/Winter 2024/3TB4/Lab/lab2/lab2/clockDivider.v Line: 8
Info (12128): Elaborating entity "counter" for hierarchy "counter:comb_37" File: C:/Users/bowen/OneDrive/Documents/School/Winter 2024/3TB4/Lab/lab2/lab2/lab2.v Line: 89
Warning (10230): Verilog HDL assignment warning at counter.v(15): truncated value with size 32 to match size of target (20) File: C:/Users/bowen/OneDrive/Documents/School/Winter 2024/3TB4/Lab/lab2/lab2/counter.v Line: 15
Info (12128): Elaborating entity "blinkHEX" for hierarchy "blinkHEX:comb_39" File: C:/Users/bowen/OneDrive/Documents/School/Winter 2024/3TB4/Lab/lab2/lab2/lab2.v Line: 96
Warning (10230): Verilog HDL assignment warning at blinkHEX.v(23): truncated value with size 32 to match size of target (12) File: C:/Users/bowen/OneDrive/Documents/School/Winter 2024/3TB4/Lab/lab2/lab2/blinkHEX.v Line: 23
Warning (10230): Verilog HDL assignment warning at blinkHEX.v(33): truncated value with size 32 to match size of target (12) File: C:/Users/bowen/OneDrive/Documents/School/Winter 2024/3TB4/Lab/lab2/lab2/blinkHEX.v Line: 33
Info (12128): Elaborating entity "hexToBCD" for hierarchy "hexToBCD:Convert1" File: C:/Users/bowen/OneDrive/Documents/School/Winter 2024/3TB4/Lab/lab2/lab2/lab2.v Line: 101
Info (12128): Elaborating entity "random" for hierarchy "random:comb_40" File: C:/Users/bowen/OneDrive/Documents/School/Winter 2024/3TB4/Lab/lab2/lab2/lab2.v Line: 108
Warning (10240): Verilog HDL Always Construct warning at random.v(7): inferring latch(es) for variable "enable", which holds its previous value in one or more paths through the always construct File: C:/Users/bowen/OneDrive/Documents/School/Winter 2024/3TB4/Lab/lab2/lab2/random.v Line: 7
Info (10041): Inferred latch for "enable" at random.v(7) File: C:/Users/bowen/OneDrive/Documents/School/Winter 2024/3TB4/Lab/lab2/lab2/random.v Line: 7
Info (12128): Elaborating entity "mux4to1" for hierarchy "mux4to1:comb_41" File: C:/Users/bowen/OneDrive/Documents/School/Winter 2024/3TB4/Lab/lab2/lab2/lab2.v Line: 120
Warning (10235): Verilog HDL Always Construct warning at mux4to1.v(12): variable "in0" is read inside the Always Construct but isn't in the Always Construct's Event Control File: C:/Users/bowen/OneDrive/Documents/School/Winter 2024/3TB4/Lab/lab2/lab2/mux4to1.v Line: 12
Warning (10235): Verilog HDL Always Construct warning at mux4to1.v(13): variable "in1" is read inside the Always Construct but isn't in the Always Construct's Event Control File: C:/Users/bowen/OneDrive/Documents/School/Winter 2024/3TB4/Lab/lab2/lab2/mux4to1.v Line: 13
Warning (10235): Verilog HDL Always Construct warning at mux4to1.v(14): variable "in2" is read inside the Always Construct but isn't in the Always Construct's Event Control File: C:/Users/bowen/OneDrive/Documents/School/Winter 2024/3TB4/Lab/lab2/lab2/mux4to1.v Line: 14
Warning (10235): Verilog HDL Always Construct warning at mux4to1.v(15): variable "in3" is read inside the Always Construct but isn't in the Always Construct's Event Control File: C:/Users/bowen/OneDrive/Documents/School/Winter 2024/3TB4/Lab/lab2/lab2/mux4to1.v Line: 15
Info (12128): Elaborating entity "sevenSegDisplay" for hierarchy "sevenSegDisplay:decoder0" File: C:/Users/bowen/OneDrive/Documents/School/Winter 2024/3TB4/Lab/lab2/lab2/lab2.v Line: 128
Warning (12241): 1 hierarchies have connectivity warnings - see the Connectivity Checks report folder
Info (13025): Duplicate LATCH primitives merged into single LATCH primitive
    Info (13026): Duplicate LATCH primitive "allHex[3]" merged with LATCH primitive "allHex[2]" File: C:/Users/bowen/OneDrive/Documents/School/Winter 2024/3TB4/Lab/lab2/lab2/lab2.v Line: 178
Warning (13012): Latch winner_time[0] has unsafe behavior File: C:/Users/bowen/OneDrive/Documents/School/Winter 2024/3TB4/Lab/lab2/lab2/lab2.v Line: 178
    Warning (13013): Ports D and ENA on the latch are fed by the same signal state.TIMER_DISPLAY File: C:/Users/bowen/OneDrive/Documents/School/Winter 2024/3TB4/Lab/lab2/lab2/lab2.v Line: 34
Warning (13012): Latch winner_time[1] has unsafe behavior File: C:/Users/bowen/OneDrive/Documents/School/Winter 2024/3TB4/Lab/lab2/lab2/lab2.v Line: 178
    Warning (13013): Ports D and ENA on the latch are fed by the same signal state.TIMER_DISPLAY File: C:/Users/bowen/OneDrive/Documents/School/Winter 2024/3TB4/Lab/lab2/lab2/lab2.v Line: 34
Warning (13012): Latch winner_time[2] has unsafe behavior File: C:/Users/bowen/OneDrive/Documents/School/Winter 2024/3TB4/Lab/lab2/lab2/lab2.v Line: 178
    Warning (13013): Ports D and ENA on the latch are fed by the same signal state.TIMER_DISPLAY File: C:/Users/bowen/OneDrive/Documents/School/Winter 2024/3TB4/Lab/lab2/lab2/lab2.v Line: 34
Warning (13012): Latch winner_time[3] has unsafe behavior File: C:/Users/bowen/OneDrive/Documents/School/Winter 2024/3TB4/Lab/lab2/lab2/lab2.v Line: 178
    Warning (13013): Ports D and ENA on the latch are fed by the same signal state.TIMER_DISPLAY File: C:/Users/bowen/OneDrive/Documents/School/Winter 2024/3TB4/Lab/lab2/lab2/lab2.v Line: 34
Warning (13012): Latch winner_time[4] has unsafe behavior File: C:/Users/bowen/OneDrive/Documents/School/Winter 2024/3TB4/Lab/lab2/lab2/lab2.v Line: 178
    Warning (13013): Ports D and ENA on the latch are fed by the same signal state.TIMER_DISPLAY File: C:/Users/bowen/OneDrive/Documents/School/Winter 2024/3TB4/Lab/lab2/lab2/lab2.v Line: 34
Warning (13012): Latch winner_time[5] has unsafe behavior File: C:/Users/bowen/OneDrive/Documents/School/Winter 2024/3TB4/Lab/lab2/lab2/lab2.v Line: 178
    Warning (13013): Ports D and ENA on the latch are fed by the same signal state.TIMER_DISPLAY File: C:/Users/bowen/OneDrive/Documents/School/Winter 2024/3TB4/Lab/lab2/lab2/lab2.v Line: 34
Warning (13012): Latch winner_time[6] has unsafe behavior File: C:/Users/bowen/OneDrive/Documents/School/Winter 2024/3TB4/Lab/lab2/lab2/lab2.v Line: 178
    Warning (13013): Ports D and ENA on the latch are fed by the same signal state.TIMER_DISPLAY File: C:/Users/bowen/OneDrive/Documents/School/Winter 2024/3TB4/Lab/lab2/lab2/lab2.v Line: 34
Warning (13012): Latch winner_time[7] has unsafe behavior File: C:/Users/bowen/OneDrive/Documents/School/Winter 2024/3TB4/Lab/lab2/lab2/lab2.v Line: 178
    Warning (13013): Ports D and ENA on the latch are fed by the same signal state.TIMER_DISPLAY File: C:/Users/bowen/OneDrive/Documents/School/Winter 2024/3TB4/Lab/lab2/lab2/lab2.v Line: 34
Warning (13012): Latch winner_time[8] has unsafe behavior File: C:/Users/bowen/OneDrive/Documents/School/Winter 2024/3TB4/Lab/lab2/lab2/lab2.v Line: 178
    Warning (13013): Ports D and ENA on the latch are fed by the same signal state.TIMER_DISPLAY File: C:/Users/bowen/OneDrive/Documents/School/Winter 2024/3TB4/Lab/lab2/lab2/lab2.v Line: 34
Warning (13012): Latch winner_time[9] has unsafe behavior File: C:/Users/bowen/OneDrive/Documents/School/Winter 2024/3TB4/Lab/lab2/lab2/lab2.v Line: 178
    Warning (13013): Ports D and ENA on the latch are fed by the same signal state.TIMER_DISPLAY File: C:/Users/bowen/OneDrive/Documents/School/Winter 2024/3TB4/Lab/lab2/lab2/lab2.v Line: 34
Warning (13012): Latch winner_time[10] has unsafe behavior File: C:/Users/bowen/OneDrive/Documents/School/Winter 2024/3TB4/Lab/lab2/lab2/lab2.v Line: 178
    Warning (13013): Ports D and ENA on the latch are fed by the same signal state.TIMER_DISPLAY File: C:/Users/bowen/OneDrive/Documents/School/Winter 2024/3TB4/Lab/lab2/lab2/lab2.v Line: 34
Warning (13012): Latch winner_time[11] has unsafe behavior File: C:/Users/bowen/OneDrive/Documents/School/Winter 2024/3TB4/Lab/lab2/lab2/lab2.v Line: 178
    Warning (13013): Ports D and ENA on the latch are fed by the same signal state.TIMER_DISPLAY File: C:/Users/bowen/OneDrive/Documents/School/Winter 2024/3TB4/Lab/lab2/lab2/lab2.v Line: 34
Warning (13012): Latch winner_time[12] has unsafe behavior File: C:/Users/bowen/OneDrive/Documents/School/Winter 2024/3TB4/Lab/lab2/lab2/lab2.v Line: 178
    Warning (13013): Ports D and ENA on the latch are fed by the same signal state.TIMER_DISPLAY File: C:/Users/bowen/OneDrive/Documents/School/Winter 2024/3TB4/Lab/lab2/lab2/lab2.v Line: 34
Warning (13012): Latch winner_time[13] has unsafe behavior File: C:/Users/bowen/OneDrive/Documents/School/Winter 2024/3TB4/Lab/lab2/lab2/lab2.v Line: 178
    Warning (13013): Ports D and ENA on the latch are fed by the same signal state.TIMER_DISPLAY File: C:/Users/bowen/OneDrive/Documents/School/Winter 2024/3TB4/Lab/lab2/lab2/lab2.v Line: 34
Warning (13012): Latch winner_time[14] has unsafe behavior File: C:/Users/bowen/OneDrive/Documents/School/Winter 2024/3TB4/Lab/lab2/lab2/lab2.v Line: 178
    Warning (13013): Ports D and ENA on the latch are fed by the same signal state.TIMER_DISPLAY File: C:/Users/bowen/OneDrive/Documents/School/Winter 2024/3TB4/Lab/lab2/lab2/lab2.v Line: 34
Warning (13012): Latch winner_time[15] has unsafe behavior File: C:/Users/bowen/OneDrive/Documents/School/Winter 2024/3TB4/Lab/lab2/lab2/lab2.v Line: 178
    Warning (13013): Ports D and ENA on the latch are fed by the same signal state.TIMER_DISPLAY File: C:/Users/bowen/OneDrive/Documents/School/Winter 2024/3TB4/Lab/lab2/lab2/lab2.v Line: 34
Warning (13012): Latch winner_time[16] has unsafe behavior File: C:/Users/bowen/OneDrive/Documents/School/Winter 2024/3TB4/Lab/lab2/lab2/lab2.v Line: 178
    Warning (13013): Ports D and ENA on the latch are fed by the same signal state.TIMER_DISPLAY File: C:/Users/bowen/OneDrive/Documents/School/Winter 2024/3TB4/Lab/lab2/lab2/lab2.v Line: 34
Warning (13012): Latch winner_time[17] has unsafe behavior File: C:/Users/bowen/OneDrive/Documents/School/Winter 2024/3TB4/Lab/lab2/lab2/lab2.v Line: 178
    Warning (13013): Ports D and ENA on the latch are fed by the same signal state.TIMER_DISPLAY File: C:/Users/bowen/OneDrive/Documents/School/Winter 2024/3TB4/Lab/lab2/lab2/lab2.v Line: 34
Warning (13012): Latch winner_time[19] has unsafe behavior File: C:/Users/bowen/OneDrive/Documents/School/Winter 2024/3TB4/Lab/lab2/lab2/lab2.v Line: 178
    Warning (13013): Ports D and ENA on the latch are fed by the same signal state.TIMER_DISPLAY File: C:/Users/bowen/OneDrive/Documents/School/Winter 2024/3TB4/Lab/lab2/lab2/lab2.v Line: 34
Warning (13012): Latch winner_time[18] has unsafe behavior File: C:/Users/bowen/OneDrive/Documents/School/Winter 2024/3TB4/Lab/lab2/lab2/lab2.v Line: 178
    Warning (13013): Ports D and ENA on the latch are fed by the same signal state.TIMER_DISPLAY File: C:/Users/bowen/OneDrive/Documents/School/Winter 2024/3TB4/Lab/lab2/lab2/lab2.v Line: 34
Warning (13004): Presettable and clearable registers converted to equivalent circuits with latches. Registers power-up to an undefined state, and DEVCLRn places the registers in an undefined state.
    Warning (13310): Register "state.RESET" is converted into an equivalent circuit using register "state.RESET~_emulated" and latch "state.RESET~1" File: C:/Users/bowen/OneDrive/Documents/School/Winter 2024/3TB4/Lab/lab2/lab2/lab2.v Line: 34
    Warning (13310): Register "state.RESUME" is converted into an equivalent circuit using register "state.RESUME~_emulated" and latch "state.RESUME~1" File: C:/Users/bowen/OneDrive/Documents/School/Winter 2024/3TB4/Lab/lab2/lab2/lab2.v Line: 34
Info (286030): Timing-Driven Synthesis is running
Info (144001): Generated suppressed messages file C:/Users/bowen/OneDrive/Documents/School/Winter 2024/3TB4/Lab/lab2/lab2/output_files/lab2.map.smsg
Info (16010): Generating hard_block partition "hard_block:auto_generated_inst"
    Info (16011): Adding 0 node(s), including 0 DDIO, 0 PLL, 0 transceiver and 0 LCELL
Info (21057): Implemented 734 device resources after synthesis - the final resource count might be different
    Info (21058): Implemented 5 input pins
    Info (21059): Implemented 52 output pins
    Info (21061): Implemented 677 logic cells
Info: Quartus Prime Analysis & Synthesis was successful. 0 errors, 71 warnings
    Info: Peak virtual memory: 4930 megabytes
    Info: Processing ended: Thu Feb 15 16:31:21 2024
    Info: Elapsed time: 00:00:17
    Info: Total CPU time (on all processors): 00:00:11


+------------------------------------------+
; Analysis & Synthesis Suppressed Messages ;
+------------------------------------------+
The suppressed messages can be found in C:/Users/bowen/OneDrive/Documents/School/Winter 2024/3TB4/Lab/lab2/lab2/output_files/lab2.map.smsg.


